#
# A fatal error has been detected by the Java Runtime Environment:
#
#  Internal Error (javaClasses.cpp:129), pid=12468, tid=9164
#  fatal error: Invalid layout of preloaded class
#
# JRE version: 7.0_25-b17
# Java VM: Java HotSpot(TM) Client VM (23.25-b01 mixed mode windows-x86 )
# Failed to write core dump. Minidumps are not enabled by default on client versions of Windows
#
# If you would like to submit a bug report, please visit:
#   http://bugreport.sun.com/bugreport/crash.jsp
#

---------------  T H R E A D  ---------------

Current thread (0x00abb400):  JavaThread "Unknown thread" [_thread_in_vm, id=9164, stack(0x00ad0000,0x00b20000)]

Stack: [0x00ad0000,0x00b20000],  sp=0x00b1fa90,  free space=318k
Native frames: (J=compiled Java code, j=interpreted, Vv=VM code, C=native code)
V  [jvm.dll+0x167e31]
V  [jvm.dll+0x1620f6]
V  [jvm.dll+0x1f92f]
V  [jvm.dll+0x1f9b6]
V  [jvm.dll+0x2cffd]
V  [jvm.dll+0x2d2a9]
V  [jvm.dll+0x75351]
V  [jvm.dll+0x7570b]
V  [jvm.dll+0x123881]
V  [jvm.dll+0x1439cc]
V  [jvm.dll+0xa619f]
C  [javaw.exe+0x13ca]
C  [javaw.exe+0x1e3c]
C  [javaw.exe+0xa5b1]
C  [javaw.exe+0xa63b]
C  [kernel32.dll+0x4ed6c]  BaseThreadInitThunk+0x12
C  [ntdll.dll+0x6377b]  RtlInitializeExceptionChain+0xef
C  [ntdll.dll+0x6374e]  RtlInitializeExceptionChain+0xc2


---------------  P R O C E S S  ---------------

Java Threads: ( => current thread )

Other Threads:

=>0x00abb400 (exited) JavaThread "Unknown thread" [_thread_in_vm, id=9164, stack(0x00ad0000,0x00b20000)]

VM state:not at safepoint (not fully initialized)

VM Mutex/Monitor currently owned by a thread: None

GC Heap History (0 events):
No events

Deoptimization events (0 events):
No events

Internal exceptions (0 events):
No events

Events (10 events):
Event: 0.114 loading class 0x00b369d0 done
Event: 0.114 loading class 0x00abfc20 done
Event: 0.114 loading class 0x00abfbf8
Event: 0.114 loading class 0x00ba8a00
Event: 0.189 loading class 0x00ba8a00 done
Event: 0.189 loading class 0x00ba8a38
Event: 0.211 loading class 0x00ba8a38 done
Event: 0.211 loading class 0x00b9d7e8
Event: 0.212 loading class 0x00b9d7e8 done
Event: 0.212 loading class 0x00abfbf8 done


Dynamic libraries:
0x01140000 - 0x0116f000 	C:\Program Files\Java\jre7\bin\javaw.exe
0x77470000 - 0x775ac000 	C:\Windows\SYSTEM32\ntdll.dll
0x771f0000 - 0x772c4000 	C:\Windows\system32\kernel32.dll
0x75630000 - 0x7567b000 	C:\Windows\system32\KERNELBASE.dll
0x773d0000 - 0x77470000 	C:\Windows\system32\ADVAPI32.dll
0x75c10000 - 0x75cbc000 	C:\Windows\system32\msvcrt.dll
0x75e00000 - 0x75e19000 	C:\Windows\SYSTEM32\sechost.dll
0x77320000 - 0x773c1000 	C:\Windows\system32\RPCRT4.dll
0x75a80000 - 0x75b49000 	C:\Windows\system32\USER32.dll
0x772d0000 - 0x7731e000 	C:\Windows\system32\GDI32.dll
0x76d70000 - 0x76d7a000 	C:\Windows\system32\LPK.dll
0x77600000 - 0x7769d000 	C:\Windows\system32\USP10.dll
0x74e30000 - 0x74fce000 	C:\Windows\WinSxS\x86_microsoft.windows.common-controls_6595b64144ccf1df_6.0.7601.17514_none_41e6975e2bd6f2b2\COMCTL32.dll
0x76d10000 - 0x76d67000 	C:\Windows\system32\SHLWAPI.dll
0x75eb0000 - 0x75ecf000 	C:\Windows\system32\IMM32.DLL
0x759b0000 - 0x75a7c000 	C:\Windows\system32\MSCTF.dll
0x6ec10000 - 0x6ecce000 	C:\Program Files\Java\jre7\bin\msvcr100.dll
0x64fd0000 - 0x65312000 	C:\Program Files\Java\jre7\bin\client\jvm.dll
0x726a0000 - 0x726a7000 	C:\Windows\system32\WSOCK32.dll
0x775b0000 - 0x775e5000 	C:\Windows\system32\WS2_32.dll
0x75cc0000 - 0x75cc6000 	C:\Windows\system32\NSI.dll
0x6fe60000 - 0x6fe92000 	C:\Windows\system32\WINMM.dll
0x775f0000 - 0x775f5000 	C:\Windows\system32\PSAPI.DLL
0x74cf0000 - 0x74cfc000 	C:\Program Files\Java\jre7\bin\verify.dll
0x741a0000 - 0x741c0000 	C:\Program Files\Java\jre7\bin\java.dll
0x74180000 - 0x74193000 	C:\Program Files\Java\jre7\bin\zip.dll
0x74440000 - 0x7452b000 	C:\Windows\system32\dbghelp.dll

VM Arguments:
jvm_args: -Dfile.encoding=UTF-8 -Xbootclasspath:E:\Development\adt-bundle-windows-x86-20130219\sdk\platforms\android-15\android.jar 
java_command: com.med.dic.AlarmChecker
Launcher Type: SUN_STANDARD

Environment Variables:
PATH=C:/Program Files/Java/jre7/bin/client;C:/Program Files/Java/jre7/bin;C:/Program Files/Java/jre7/lib/i386;C:\Windows\system32;C:\Windows;C:\Windows\System32\Wbem;C:\Windows\System32\WindowsPowerShell\v1.0\;C:\Program Files\Java\jre7\bin;C:\Program Files\Microsoft SQL Server\100\Tools\Binn\;C:\Program Files\Microsoft SQL Server\100\DTS\Binn\;C:\Program Files\Microsoft SQL Server\100\Tools\Binn\VSShell\Common7\IDE\;C:\Program Files\Microsoft Visual Studio 9.0\Common7\IDE\PrivateAssemblies\;C:\Program Files\TortoiseSVN\bin;C:\Program Files\Bitvise SSH Client;E:\Software\eclipse-jee-indigo-SR1-win32\eclipse;
USERNAME=KhoiPH01888
OS=Windows_NT
PROCESSOR_IDENTIFIER=x86 Family 6 Model 23 Stepping 10, GenuineIntel



---------------  S Y S T E M  ---------------

OS: Windows 7 Build 7601 Service Pack 1

CPU:total 2 (2 cores per cpu, 1 threads per core) family 6 model 23 stepping 10, cmov, cx8, fxsr, mmx, sse, sse2, sse3, ssse3, sse4.1, tsc

Memory: 4k page, physical 1958508k(116508k free), swap 5678212k(1684432k free)

vm_info: Java HotSpot(TM) Client VM (23.25-b01) for windows-x86 JRE (1.7.0_25-b17), built on Jun 21 2013 13:06:48 by "java_re" with unknown MS VC++:1600

time: Sun Aug 04 23:49:32 2013
elapsed time: 1 seconds

